{
    "openapi": "3.0.3",
    "info": {
      "title": "Node.js + TypeScript + TypeORM rest API",
      "description": "Backend API boiler plate with Node.js + TypeScript + TypeORM rest API documented with Swagger",
      "termsOfService": "http://swagger.io/terms/",
      "contact": {
        "email": "quentin.danneville@gmail.com"
      },
      "license": {
        "name": "MIT",
        "url": "https://opensource.org/licenses/MIT"
      },
      "version": "1.0.0"
    },
    "externalDocs": {
      "description": "Find out more about Swagger",
      "url": "http://swagger.io"
    },
    "servers": [
      {
        "url": "/"
      }
    ],
    "tags": [
      {
        "name": "Backend API boiler plate with Node.js + TypeScript + TypeORM rest API documented with Swagger",
        "description": "Backend API boiler plate with Node.js + TypeScript + TypeORM rest API documented with Swagger"
      }
    ],
    "paths": {
      "/": {
        "get": {
          "description": "Returns 'Hello world !' to the caller",
          "tags": [
            "greeting"
          ],
          "operationId": "Hello",
          "responses": {
            "200": {
              "description": "Success",
              "content": {
                "application/json": {
                  "schema": {
                    "$ref": "#/components/schemas/HelloResponse"
                  }
                }
              }
            }
          }
        }
      }
    },
    "components": {
      "schemas": {
        "HelloResponse": {
          "type": "object",
          "additionalProperties": false,
          "required": [
            "message"
          ],
          "properties": {
            "message": {
              "type": "string"
            }
          }
        }
      }
    }
  }