{"message":"::1 - - [28/Apr/2021:17:47:44 +0000] \"GET /api/v1/books/ HTTP/1.1\" 304 - \"-\" \"Mozilla/5.0 (Macintosh; Intel Mac OS X 10_15_3) AppleWebKit/537.36 (KHTML, like Gecko) Chrome/90.0.4430.85 Safari/537.36\"\n","level":"info"}
{"message":"Hello there!","level":"info"}
{"message":"Testing errors too!","level":"error"}
{"message":"::1 - - [28/Apr/2021:17:50:13 +0000] \"GET /api/v1/books/ HTTP/1.1\" 304 - \"-\" \"Mozilla/5.0 (Macintosh; Intel Mac OS X 10_15_3) AppleWebKit/537.36 (KHTML, like Gecko) Chrome/90.0.4430.85 Safari/537.36\"\n","level":"info"}
{"message":"::1 - - [28/Apr/2021:18:17:51 +0000] \"GET /api/v1/books/ HTTP/1.1\" 304 - \"-\" \"Mozilla/5.0 (Macintosh; Intel Mac OS X 10_15_3) AppleWebKit/537.36 (KHTML, like Gecko) Chrome/90.0.4430.85 Safari/537.36\"\n","level":"info"}
{"message":"::1 - - [29/Apr/2021:07:16:20 +0000] \"GET /api-docs HTTP/1.1\" 301 183 \"-\" \"Mozilla/5.0 (Macintosh; Intel Mac OS X 10_15_3) AppleWebKit/537.36 (KHTML, like Gecko) Chrome/90.0.4430.85 Safari/537.36\"\n","level":"info"}
{"message":"::1 - - [29/Apr/2021:07:16:20 +0000] \"GET /api-docs/ HTTP/1.1\" 200 3104 \"-\" \"Mozilla/5.0 (Macintosh; Intel Mac OS X 10_15_3) AppleWebKit/537.36 (KHTML, like Gecko) Chrome/90.0.4430.85 Safari/537.36\"\n","level":"info"}
{"message":"::1 - - [29/Apr/2021:07:16:20 +0000] \"GET /api-docs/swagger-ui-init.js HTTP/1.1\" 200 2873 \"http://localhost:4000/api-docs/\" \"Mozilla/5.0 (Macintosh; Intel Mac OS X 10_15_3) AppleWebKit/537.36 (KHTML, like Gecko) Chrome/90.0.4430.85 Safari/537.36\"\n","level":"info"}
{"message":"::1 - - [29/Apr/2021:07:16:20 +0000] \"GET /api-docs/swagger-ui.css HTTP/1.1\" 200 143410 \"http://localhost:4000/api-docs/\" \"Mozilla/5.0 (Macintosh; Intel Mac OS X 10_15_3) AppleWebKit/537.36 (KHTML, like Gecko) Chrome/90.0.4430.85 Safari/537.36\"\n","level":"info"}
{"message":"::1 - - [29/Apr/2021:07:16:20 +0000] \"GET /api-docs/swagger-ui-standalone-preset.js HTTP/1.1\" 200 336841 \"http://localhost:4000/api-docs/\" \"Mozilla/5.0 (Macintosh; Intel Mac OS X 10_15_3) AppleWebKit/537.36 (KHTML, like Gecko) Chrome/90.0.4430.85 Safari/537.36\"\n","level":"info"}
{"message":"::1 - - [29/Apr/2021:07:16:20 +0000] \"GET /api-docs/swagger-ui-bundle.js HTTP/1.1\" 200 1097461 \"http://localhost:4000/api-docs/\" \"Mozilla/5.0 (Macintosh; Intel Mac OS X 10_15_3) AppleWebKit/537.36 (KHTML, like Gecko) Chrome/90.0.4430.85 Safari/537.36\"\n","level":"info"}
{"message":"::1 - - [29/Apr/2021:07:16:21 +0000] \"GET /api-docs/favicon-32x32.png HTTP/1.1\" 200 628 \"http://localhost:4000/api-docs/\" \"Mozilla/5.0 (Macintosh; Intel Mac OS X 10_15_3) AppleWebKit/537.36 (KHTML, like Gecko) Chrome/90.0.4430.85 Safari/537.36\"\n","level":"info"}
{"message":"::1 - - [29/Apr/2021:07:17:23 +0000] \"GET /api-docs/ HTTP/1.1\" 404 148 \"-\" \"Mozilla/5.0 (Macintosh; Intel Mac OS X 10_15_3) AppleWebKit/537.36 (KHTML, like Gecko) Chrome/90.0.4430.85 Safari/537.36\"\n","level":"info"}
{"message":"::1 - - [29/Apr/2021:07:17:32 +0000] \"GET /api/v1/api-docs/ HTTP/1.1\" 200 3104 \"-\" \"Mozilla/5.0 (Macintosh; Intel Mac OS X 10_15_3) AppleWebKit/537.36 (KHTML, like Gecko) Chrome/90.0.4430.85 Safari/537.36\"\n","level":"info"}
{"message":"::1 - - [29/Apr/2021:07:17:32 +0000] \"GET /api/v1/api-docs/swagger-ui-init.js HTTP/1.1\" 200 2873 \"http://localhost:4000/api/v1/api-docs/\" \"Mozilla/5.0 (Macintosh; Intel Mac OS X 10_15_3) AppleWebKit/537.36 (KHTML, like Gecko) Chrome/90.0.4430.85 Safari/537.36\"\n","level":"info"}
{"message":"::1 - - [29/Apr/2021:07:17:32 +0000] \"GET /api/v1/api-docs/swagger-ui.css HTTP/1.1\" 200 143410 \"http://localhost:4000/api/v1/api-docs/\" \"Mozilla/5.0 (Macintosh; Intel Mac OS X 10_15_3) AppleWebKit/537.36 (KHTML, like Gecko) Chrome/90.0.4430.85 Safari/537.36\"\n","level":"info"}
{"message":"::1 - - [29/Apr/2021:07:17:32 +0000] \"GET /api/v1/api-docs/swagger-ui-standalone-preset.js HTTP/1.1\" 200 336841 \"http://localhost:4000/api/v1/api-docs/\" \"Mozilla/5.0 (Macintosh; Intel Mac OS X 10_15_3) AppleWebKit/537.36 (KHTML, like Gecko) Chrome/90.0.4430.85 Safari/537.36\"\n","level":"info"}
{"message":"::1 - - [29/Apr/2021:07:17:32 +0000] \"GET /api/v1/api-docs/swagger-ui-bundle.js HTTP/1.1\" 200 1097461 \"http://localhost:4000/api/v1/api-docs/\" \"Mozilla/5.0 (Macintosh; Intel Mac OS X 10_15_3) AppleWebKit/537.36 (KHTML, like Gecko) Chrome/90.0.4430.85 Safari/537.36\"\n","level":"info"}
{"message":"::1 - - [29/Apr/2021:07:17:32 +0000] \"GET /api/v1/api-docs/favicon-32x32.png HTTP/1.1\" 200 628 \"http://localhost:4000/api/v1/api-docs/\" \"Mozilla/5.0 (Macintosh; Intel Mac OS X 10_15_3) AppleWebKit/537.36 (KHTML, like Gecko) Chrome/90.0.4430.85 Safari/537.36\"\n","level":"info"}
{"message":"::1 - - [29/Apr/2021:07:17:50 +0000] \"GET /api/v1/documentation/ HTTP/1.1\" 200 3104 \"-\" \"Mozilla/5.0 (Macintosh; Intel Mac OS X 10_15_3) AppleWebKit/537.36 (KHTML, like Gecko) Chrome/90.0.4430.85 Safari/537.36\"\n","level":"info"}
{"message":"::1 - - [29/Apr/2021:07:17:50 +0000] \"GET /api/v1/documentation/swagger-ui-init.js HTTP/1.1\" 200 2873 \"http://localhost:4000/api/v1/documentation/\" \"Mozilla/5.0 (Macintosh; Intel Mac OS X 10_15_3) AppleWebKit/537.36 (KHTML, like Gecko) Chrome/90.0.4430.85 Safari/537.36\"\n","level":"info"}
{"message":"::1 - - [29/Apr/2021:07:17:50 +0000] \"GET /api/v1/documentation/swagger-ui.css HTTP/1.1\" 200 143410 \"http://localhost:4000/api/v1/documentation/\" \"Mozilla/5.0 (Macintosh; Intel Mac OS X 10_15_3) AppleWebKit/537.36 (KHTML, like Gecko) Chrome/90.0.4430.85 Safari/537.36\"\n","level":"info"}
{"message":"::1 - - [29/Apr/2021:07:17:50 +0000] \"GET /api/v1/documentation/swagger-ui-standalone-preset.js HTTP/1.1\" 200 336841 \"http://localhost:4000/api/v1/documentation/\" \"Mozilla/5.0 (Macintosh; Intel Mac OS X 10_15_3) AppleWebKit/537.36 (KHTML, like Gecko) Chrome/90.0.4430.85 Safari/537.36\"\n","level":"info"}
{"message":"::1 - - [29/Apr/2021:07:17:50 +0000] \"GET /api/v1/documentation/swagger-ui-bundle.js HTTP/1.1\" 200 1097461 \"http://localhost:4000/api/v1/documentation/\" \"Mozilla/5.0 (Macintosh; Intel Mac OS X 10_15_3) AppleWebKit/537.36 (KHTML, like Gecko) Chrome/90.0.4430.85 Safari/537.36\"\n","level":"info"}
{"message":"::1 - - [29/Apr/2021:07:17:50 +0000] \"GET /api/v1/documentation/favicon-32x32.png HTTP/1.1\" 200 628 \"http://localhost:4000/api/v1/documentation/\" \"Mozilla/5.0 (Macintosh; Intel Mac OS X 10_15_3) AppleWebKit/537.36 (KHTML, like Gecko) Chrome/90.0.4430.85 Safari/537.36\"\n","level":"info"}
{"message":"::1 - - [29/Apr/2021:07:17:57 +0000] \"GET / HTTP/1.1\" 304 - \"http://localhost:4000/api/v1/documentation/\" \"Mozilla/5.0 (Macintosh; Intel Mac OS X 10_15_3) AppleWebKit/537.36 (KHTML, like Gecko) Chrome/90.0.4430.85 Safari/537.36\"\n","level":"info"}
{"message":"::1 - - [29/Apr/2021:07:18:12 +0000] \"GET /api/v1/books/ HTTP/1.1\" 304 - \"-\" \"Mozilla/5.0 (Macintosh; Intel Mac OS X 10_15_3) AppleWebKit/537.36 (KHTML, like Gecko) Chrome/90.0.4430.85 Safari/537.36\"\n","level":"info"}
{"message":"::1 - - [29/Apr/2021:07:19:28 +0000] \"GET /api/v1/documentation/ HTTP/1.1\" 304 - \"-\" \"Mozilla/5.0 (Macintosh; Intel Mac OS X 10_15_3) AppleWebKit/537.36 (KHTML, like Gecko) Chrome/90.0.4430.85 Safari/537.36\"\n","level":"info"}
{"message":"::1 - - [29/Apr/2021:07:19:28 +0000] \"GET /api/v1/documentation/swagger-ui.css HTTP/1.1\" 304 - \"http://localhost:4000/api/v1/documentation/\" \"Mozilla/5.0 (Macintosh; Intel Mac OS X 10_15_3) AppleWebKit/537.36 (KHTML, like Gecko) Chrome/90.0.4430.85 Safari/537.36\"\n","level":"info"}
{"message":"::1 - - [29/Apr/2021:07:19:28 +0000] \"GET /api/v1/documentation/swagger-ui-bundle.js HTTP/1.1\" 304 - \"http://localhost:4000/api/v1/documentation/\" \"Mozilla/5.0 (Macintosh; Intel Mac OS X 10_15_3) AppleWebKit/537.36 (KHTML, like Gecko) Chrome/90.0.4430.85 Safari/537.36\"\n","level":"info"}
{"message":"::1 - - [29/Apr/2021:07:19:28 +0000] \"GET /api/v1/documentation/swagger-ui-init.js HTTP/1.1\" 200 2885 \"http://localhost:4000/api/v1/documentation/\" \"Mozilla/5.0 (Macintosh; Intel Mac OS X 10_15_3) AppleWebKit/537.36 (KHTML, like Gecko) Chrome/90.0.4430.85 Safari/537.36\"\n","level":"info"}
{"message":"::1 - - [29/Apr/2021:07:19:28 +0000] \"GET /api/v1/documentation/swagger-ui-standalone-preset.js HTTP/1.1\" 304 - \"http://localhost:4000/api/v1/documentation/\" \"Mozilla/5.0 (Macintosh; Intel Mac OS X 10_15_3) AppleWebKit/537.36 (KHTML, like Gecko) Chrome/90.0.4430.85 Safari/537.36\"\n","level":"info"}
{"message":"::1 - - [29/Apr/2021:07:19:28 +0000] \"GET /api/v1/documentation/favicon-32x32.png HTTP/1.1\" 304 - \"http://localhost:4000/api/v1/documentation/\" \"Mozilla/5.0 (Macintosh; Intel Mac OS X 10_15_3) AppleWebKit/537.36 (KHTML, like Gecko) Chrome/90.0.4430.85 Safari/537.36\"\n","level":"info"}
{"message":"::1 - - [29/Apr/2021:07:19:36 +0000] \"GET /api/v1/book/ HTTP/1.1\" 404 151 \"http://localhost:4000/api/v1/documentation/\" \"Mozilla/5.0 (Macintosh; Intel Mac OS X 10_15_3) AppleWebKit/537.36 (KHTML, like Gecko) Chrome/90.0.4430.85 Safari/537.36\"\n","level":"info"}
{"message":"::1 - - [29/Apr/2021:07:20:02 +0000] \"GET /api/v1/documentation/ HTTP/1.1\" 304 - \"-\" \"Mozilla/5.0 (Macintosh; Intel Mac OS X 10_15_3) AppleWebKit/537.36 (KHTML, like Gecko) Chrome/90.0.4430.85 Safari/537.36\"\n","level":"info"}
{"message":"::1 - - [29/Apr/2021:07:20:02 +0000] \"GET /api/v1/documentation/swagger-ui-standalone-preset.js HTTP/1.1\" 304 - \"http://localhost:4000/api/v1/documentation/\" \"Mozilla/5.0 (Macintosh; Intel Mac OS X 10_15_3) AppleWebKit/537.36 (KHTML, like Gecko) Chrome/90.0.4430.85 Safari/537.36\"\n","level":"info"}
{"message":"::1 - - [29/Apr/2021:07:20:02 +0000] \"GET /api/v1/documentation/swagger-ui.css HTTP/1.1\" 304 - \"http://localhost:4000/api/v1/documentation/\" \"Mozilla/5.0 (Macintosh; Intel Mac OS X 10_15_3) AppleWebKit/537.36 (KHTML, like Gecko) Chrome/90.0.4430.85 Safari/537.36\"\n","level":"info"}
{"message":"::1 - - [29/Apr/2021:07:20:02 +0000] \"GET /api/v1/documentation/swagger-ui-init.js HTTP/1.1\" 200 2810 \"http://localhost:4000/api/v1/documentation/\" \"Mozilla/5.0 (Macintosh; Intel Mac OS X 10_15_3) AppleWebKit/537.36 (KHTML, like Gecko) Chrome/90.0.4430.85 Safari/537.36\"\n","level":"info"}
{"message":"::1 - - [29/Apr/2021:07:20:02 +0000] \"GET /api/v1/documentation/swagger-ui-bundle.js HTTP/1.1\" 304 - \"http://localhost:4000/api/v1/documentation/\" \"Mozilla/5.0 (Macintosh; Intel Mac OS X 10_15_3) AppleWebKit/537.36 (KHTML, like Gecko) Chrome/90.0.4430.85 Safari/537.36\"\n","level":"info"}
{"message":"::1 - - [29/Apr/2021:07:20:02 +0000] \"GET /api/v1/documentation/favicon-32x32.png HTTP/1.1\" 304 - \"http://localhost:4000/api/v1/documentation/\" \"Mozilla/5.0 (Macintosh; Intel Mac OS X 10_15_3) AppleWebKit/537.36 (KHTML, like Gecko) Chrome/90.0.4430.85 Safari/537.36\"\n","level":"info"}
{"message":"::1 - - [29/Apr/2021:07:24:46 +0000] \"GET /api/v1/documentation/ HTTP/1.1\" 304 - \"-\" \"Mozilla/5.0 (Macintosh; Intel Mac OS X 10_15_3) AppleWebKit/537.36 (KHTML, like Gecko) Chrome/90.0.4430.85 Safari/537.36\"\n","level":"info"}
{"message":"::1 - - [29/Apr/2021:07:24:47 +0000] \"GET /api/v1/documentation/swagger-ui.css HTTP/1.1\" 304 - \"http://localhost:4000/api/v1/documentation/\" \"Mozilla/5.0 (Macintosh; Intel Mac OS X 10_15_3) AppleWebKit/537.36 (KHTML, like Gecko) Chrome/90.0.4430.85 Safari/537.36\"\n","level":"info"}
{"message":"::1 - - [29/Apr/2021:07:24:47 +0000] \"GET /api/v1/documentation/swagger-ui-bundle.js HTTP/1.1\" 304 - \"http://localhost:4000/api/v1/documentation/\" \"Mozilla/5.0 (Macintosh; Intel Mac OS X 10_15_3) AppleWebKit/537.36 (KHTML, like Gecko) Chrome/90.0.4430.85 Safari/537.36\"\n","level":"info"}
{"message":"::1 - - [29/Apr/2021:07:24:47 +0000] \"GET /api/v1/documentation/swagger-ui-standalone-preset.js HTTP/1.1\" 304 - \"http://localhost:4000/api/v1/documentation/\" \"Mozilla/5.0 (Macintosh; Intel Mac OS X 10_15_3) AppleWebKit/537.36 (KHTML, like Gecko) Chrome/90.0.4430.85 Safari/537.36\"\n","level":"info"}
{"message":"::1 - - [29/Apr/2021:07:24:47 +0000] \"GET /api/v1/documentation/swagger-ui-init.js HTTP/1.1\" 200 3594 \"http://localhost:4000/api/v1/documentation/\" \"Mozilla/5.0 (Macintosh; Intel Mac OS X 10_15_3) AppleWebKit/537.36 (KHTML, like Gecko) Chrome/90.0.4430.85 Safari/537.36\"\n","level":"info"}
{"message":"::1 - - [29/Apr/2021:07:24:47 +0000] \"GET /api/v1/documentation/favicon-32x32.png HTTP/1.1\" 200 628 \"http://localhost:4000/api/v1/documentation/\" \"Mozilla/5.0 (Macintosh; Intel Mac OS X 10_15_3) AppleWebKit/537.36 (KHTML, like Gecko) Chrome/90.0.4430.85 Safari/537.36\"\n","level":"info"}
{"message":"::1 - - [29/Apr/2021:07:25:12 +0000] \"GET /api/v1/documentation/ HTTP/1.1\" 304 - \"-\" \"Mozilla/5.0 (Macintosh; Intel Mac OS X 10_15_3) AppleWebKit/537.36 (KHTML, like Gecko) Chrome/90.0.4430.85 Safari/537.36\"\n","level":"info"}
{"message":"::1 - - [29/Apr/2021:07:25:12 +0000] \"GET /api/v1/documentation/swagger-ui-bundle.js HTTP/1.1\" 304 - \"http://localhost:4000/api/v1/documentation/\" \"Mozilla/5.0 (Macintosh; Intel Mac OS X 10_15_3) AppleWebKit/537.36 (KHTML, like Gecko) Chrome/90.0.4430.85 Safari/537.36\"\n","level":"info"}
{"message":"::1 - - [29/Apr/2021:07:25:12 +0000] \"GET /api/v1/documentation/swagger-ui.css HTTP/1.1\" 304 - \"http://localhost:4000/api/v1/documentation/\" \"Mozilla/5.0 (Macintosh; Intel Mac OS X 10_15_3) AppleWebKit/537.36 (KHTML, like Gecko) Chrome/90.0.4430.85 Safari/537.36\"\n","level":"info"}
{"message":"::1 - - [29/Apr/2021:07:25:12 +0000] \"GET /api/v1/documentation/swagger-ui-init.js HTTP/1.1\" 200 3585 \"http://localhost:4000/api/v1/documentation/\" \"Mozilla/5.0 (Macintosh; Intel Mac OS X 10_15_3) AppleWebKit/537.36 (KHTML, like Gecko) Chrome/90.0.4430.85 Safari/537.36\"\n","level":"info"}
{"message":"::1 - - [29/Apr/2021:07:25:12 +0000] \"GET /api/v1/documentation/swagger-ui-standalone-preset.js HTTP/1.1\" 304 - \"http://localhost:4000/api/v1/documentation/\" \"Mozilla/5.0 (Macintosh; Intel Mac OS X 10_15_3) AppleWebKit/537.36 (KHTML, like Gecko) Chrome/90.0.4430.85 Safari/537.36\"\n","level":"info"}
{"message":"::1 - - [29/Apr/2021:07:25:12 +0000] \"GET /api/v1/documentation/favicon-32x32.png HTTP/1.1\" 304 - \"http://localhost:4000/api/v1/documentation/\" \"Mozilla/5.0 (Macintosh; Intel Mac OS X 10_15_3) AppleWebKit/537.36 (KHTML, like Gecko) Chrome/90.0.4430.85 Safari/537.36\"\n","level":"info"}
{"message":"::1 - - [29/Apr/2021:07:25:20 +0000] \"GET /api/v1/books/ HTTP/1.1\" 304 - \"http://localhost:4000/api/v1/documentation/\" \"Mozilla/5.0 (Macintosh; Intel Mac OS X 10_15_3) AppleWebKit/537.36 (KHTML, like Gecko) Chrome/90.0.4430.85 Safari/537.36\"\n","level":"info"}
{"message":"::1 - - [29/Apr/2021:07:27:25 +0000] \"GET /api/v1/documentation/ HTTP/1.1\" 304 - \"-\" \"Mozilla/5.0 (Macintosh; Intel Mac OS X 10_15_3) AppleWebKit/537.36 (KHTML, like Gecko) Chrome/90.0.4430.85 Safari/537.36\"\n","level":"info"}
{"message":"::1 - - [29/Apr/2021:07:27:25 +0000] \"GET /api/v1/documentation/swagger-ui.css HTTP/1.1\" 304 - \"http://localhost:4000/api/v1/documentation/\" \"Mozilla/5.0 (Macintosh; Intel Mac OS X 10_15_3) AppleWebKit/537.36 (KHTML, like Gecko) Chrome/90.0.4430.85 Safari/537.36\"\n","level":"info"}
{"message":"::1 - - [29/Apr/2021:07:27:25 +0000] \"GET /api/v1/documentation/swagger-ui-bundle.js HTTP/1.1\" 304 - \"http://localhost:4000/api/v1/documentation/\" \"Mozilla/5.0 (Macintosh; Intel Mac OS X 10_15_3) AppleWebKit/537.36 (KHTML, like Gecko) Chrome/90.0.4430.85 Safari/537.36\"\n","level":"info"}
{"message":"::1 - - [29/Apr/2021:07:27:25 +0000] \"GET /api/v1/documentation/swagger-ui-init.js HTTP/1.1\" 304 - \"http://localhost:4000/api/v1/documentation/\" \"Mozilla/5.0 (Macintosh; Intel Mac OS X 10_15_3) AppleWebKit/537.36 (KHTML, like Gecko) Chrome/90.0.4430.85 Safari/537.36\"\n","level":"info"}
{"message":"::1 - - [29/Apr/2021:07:27:25 +0000] \"GET /api/v1/documentation/swagger-ui-standalone-preset.js HTTP/1.1\" 304 - \"http://localhost:4000/api/v1/documentation/\" \"Mozilla/5.0 (Macintosh; Intel Mac OS X 10_15_3) AppleWebKit/537.36 (KHTML, like Gecko) Chrome/90.0.4430.85 Safari/537.36\"\n","level":"info"}
{"message":"::1 - - [29/Apr/2021:07:27:26 +0000] \"GET /api/v1/documentation/favicon-32x32.png HTTP/1.1\" 200 628 \"http://localhost:4000/api/v1/documentation/\" \"Mozilla/5.0 (Macintosh; Intel Mac OS X 10_15_3) AppleWebKit/537.36 (KHTML, like Gecko) Chrome/90.0.4430.85 Safari/537.36\"\n","level":"info"}
{"message":"::1 - - [29/Apr/2021:07:29:03 +0000] \"GET /api/v1/books/ HTTP/1.1\" 304 - \"http://localhost:4000/api/v1/documentation/\" \"Mozilla/5.0 (Macintosh; Intel Mac OS X 10_15_3) AppleWebKit/537.36 (KHTML, like Gecko) Chrome/90.0.4430.85 Safari/537.36\"\n","level":"info"}
{"message":"::1 - - [29/Apr/2021:07:34:50 +0000] \"GET /api/v1/documentation/ HTTP/1.1\" 304 - \"-\" \"Mozilla/5.0 (Macintosh; Intel Mac OS X 10_15_3) AppleWebKit/537.36 (KHTML, like Gecko) Chrome/90.0.4430.85 Safari/537.36\"\n","level":"info"}
{"message":"::1 - - [29/Apr/2021:07:34:50 +0000] \"GET /api/v1/documentation/swagger-ui.css HTTP/1.1\" 304 - \"http://localhost:4000/api/v1/documentation/\" \"Mozilla/5.0 (Macintosh; Intel Mac OS X 10_15_3) AppleWebKit/537.36 (KHTML, like Gecko) Chrome/90.0.4430.85 Safari/537.36\"\n","level":"info"}
{"message":"::1 - - [29/Apr/2021:07:34:50 +0000] \"GET /api/v1/documentation/swagger-ui-bundle.js HTTP/1.1\" 304 - \"http://localhost:4000/api/v1/documentation/\" \"Mozilla/5.0 (Macintosh; Intel Mac OS X 10_15_3) AppleWebKit/537.36 (KHTML, like Gecko) Chrome/90.0.4430.85 Safari/537.36\"\n","level":"info"}
{"message":"::1 - - [29/Apr/2021:07:34:50 +0000] \"GET /api/v1/documentation/swagger-ui-standalone-preset.js HTTP/1.1\" 304 - \"http://localhost:4000/api/v1/documentation/\" \"Mozilla/5.0 (Macintosh; Intel Mac OS X 10_15_3) AppleWebKit/537.36 (KHTML, like Gecko) Chrome/90.0.4430.85 Safari/537.36\"\n","level":"info"}
{"message":"::1 - - [29/Apr/2021:07:34:50 +0000] \"GET /api/v1/documentation/swagger-ui-init.js HTTP/1.1\" 200 2920 \"http://localhost:4000/api/v1/documentation/\" \"Mozilla/5.0 (Macintosh; Intel Mac OS X 10_15_3) AppleWebKit/537.36 (KHTML, like Gecko) Chrome/90.0.4430.85 Safari/537.36\"\n","level":"info"}
{"message":"::1 - - [29/Apr/2021:07:34:50 +0000] \"GET /api/v1/documentation/favicon-32x32.png HTTP/1.1\" 200 628 \"http://localhost:4000/api/v1/documentation/\" \"Mozilla/5.0 (Macintosh; Intel Mac OS X 10_15_3) AppleWebKit/537.36 (KHTML, like Gecko) Chrome/90.0.4430.85 Safari/537.36\"\n","level":"info"}
{"message":"::1 - - [29/Apr/2021:07:35:12 +0000] \"GET /api/v1/documentation/ HTTP/1.1\" 304 - \"-\" \"Mozilla/5.0 (Macintosh; Intel Mac OS X 10_15_3) AppleWebKit/537.36 (KHTML, like Gecko) Chrome/90.0.4430.85 Safari/537.36\"\n","level":"info"}
{"message":"::1 - - [29/Apr/2021:07:35:12 +0000] \"GET /api/v1/documentation/swagger-ui.css HTTP/1.1\" 304 - \"http://localhost:4000/api/v1/documentation/\" \"Mozilla/5.0 (Macintosh; Intel Mac OS X 10_15_3) AppleWebKit/537.36 (KHTML, like Gecko) Chrome/90.0.4430.85 Safari/537.36\"\n","level":"info"}
{"message":"::1 - - [29/Apr/2021:07:35:12 +0000] \"GET /api/v1/documentation/swagger-ui-bundle.js HTTP/1.1\" 304 - \"http://localhost:4000/api/v1/documentation/\" \"Mozilla/5.0 (Macintosh; Intel Mac OS X 10_15_3) AppleWebKit/537.36 (KHTML, like Gecko) Chrome/90.0.4430.85 Safari/537.36\"\n","level":"info"}
{"message":"::1 - - [29/Apr/2021:07:35:12 +0000] \"GET /api/v1/documentation/swagger-ui-standalone-preset.js HTTP/1.1\" 304 - \"http://localhost:4000/api/v1/documentation/\" \"Mozilla/5.0 (Macintosh; Intel Mac OS X 10_15_3) AppleWebKit/537.36 (KHTML, like Gecko) Chrome/90.0.4430.85 Safari/537.36\"\n","level":"info"}
{"message":"::1 - - [29/Apr/2021:07:35:12 +0000] \"GET /api/v1/documentation/swagger-ui-init.js HTTP/1.1\" 304 - \"http://localhost:4000/api/v1/documentation/\" \"Mozilla/5.0 (Macintosh; Intel Mac OS X 10_15_3) AppleWebKit/537.36 (KHTML, like Gecko) Chrome/90.0.4430.85 Safari/537.36\"\n","level":"info"}
{"message":"::1 - - [29/Apr/2021:07:35:13 +0000] \"GET /api/v1/documentation/favicon-32x32.png HTTP/1.1\" 304 - \"http://localhost:4000/api/v1/documentation/\" \"Mozilla/5.0 (Macintosh; Intel Mac OS X 10_15_3) AppleWebKit/537.36 (KHTML, like Gecko) Chrome/90.0.4430.85 Safari/537.36\"\n","level":"info"}
{"message":"::1 - - [29/Apr/2021:07:35:18 +0000] \"GET /api/v1/books/ HTTP/1.1\" 304 - \"http://localhost:4000/api/v1/documentation/\" \"Mozilla/5.0 (Macintosh; Intel Mac OS X 10_15_3) AppleWebKit/537.36 (KHTML, like Gecko) Chrome/90.0.4430.85 Safari/537.36\"\n","level":"info"}
{"message":"::1 - - [29/Apr/2021:07:35:20 +0000] \"GET /api/v1/documentation/ HTTP/1.1\" 304 - \"-\" \"Mozilla/5.0 (Macintosh; Intel Mac OS X 10_15_3) AppleWebKit/537.36 (KHTML, like Gecko) Chrome/90.0.4430.85 Safari/537.36\"\n","level":"info"}
{"message":"::1 - - [29/Apr/2021:07:35:20 +0000] \"GET /api/v1/documentation/swagger-ui.css HTTP/1.1\" 304 - \"http://localhost:4000/api/v1/documentation/\" \"Mozilla/5.0 (Macintosh; Intel Mac OS X 10_15_3) AppleWebKit/537.36 (KHTML, like Gecko) Chrome/90.0.4430.85 Safari/537.36\"\n","level":"info"}
{"message":"::1 - - [29/Apr/2021:07:35:20 +0000] \"GET /api/v1/documentation/swagger-ui-bundle.js HTTP/1.1\" 304 - \"http://localhost:4000/api/v1/documentation/\" \"Mozilla/5.0 (Macintosh; Intel Mac OS X 10_15_3) AppleWebKit/537.36 (KHTML, like Gecko) Chrome/90.0.4430.85 Safari/537.36\"\n","level":"info"}
{"message":"::1 - - [29/Apr/2021:07:35:20 +0000] \"GET /api/v1/documentation/swagger-ui-standalone-preset.js HTTP/1.1\" 304 - \"http://localhost:4000/api/v1/documentation/\" \"Mozilla/5.0 (Macintosh; Intel Mac OS X 10_15_3) AppleWebKit/537.36 (KHTML, like Gecko) Chrome/90.0.4430.85 Safari/537.36\"\n","level":"info"}
{"message":"::1 - - [29/Apr/2021:07:35:20 +0000] \"GET /api/v1/documentation/swagger-ui-init.js HTTP/1.1\" 304 - \"http://localhost:4000/api/v1/documentation/\" \"Mozilla/5.0 (Macintosh; Intel Mac OS X 10_15_3) AppleWebKit/537.36 (KHTML, like Gecko) Chrome/90.0.4430.85 Safari/537.36\"\n","level":"info"}
{"message":"::1 - - [29/Apr/2021:07:35:20 +0000] \"GET /api/v1/documentation/favicon-32x32.png HTTP/1.1\" 304 - \"http://localhost:4000/api/v1/documentation/\" \"Mozilla/5.0 (Macintosh; Intel Mac OS X 10_15_3) AppleWebKit/537.36 (KHTML, like Gecko) Chrome/90.0.4430.85 Safari/537.36\"\n","level":"info"}
{"message":"::1 - - [29/Apr/2021:07:50:22 +0000] \"GET /api/v1/books/ HTTP/1.1\" 304 - \"http://localhost:4000/api/v1/documentation/\" \"Mozilla/5.0 (Macintosh; Intel Mac OS X 10_15_3) AppleWebKit/537.36 (KHTML, like Gecko) Chrome/90.0.4430.85 Safari/537.36\"\n","level":"info"}
{"message":"::1 - - [29/Apr/2021:07:52:03 +0000] \"GET /api/v1/documentation/ HTTP/1.1\" 304 - \"-\" \"Mozilla/5.0 (Macintosh; Intel Mac OS X 10_15_3) AppleWebKit/537.36 (KHTML, like Gecko) Chrome/90.0.4430.85 Safari/537.36\"\n","level":"info"}
{"message":"::1 - - [29/Apr/2021:07:52:04 +0000] \"GET /api/v1/documentation/swagger-ui.css HTTP/1.1\" 304 - \"http://localhost:4000/api/v1/documentation/\" \"Mozilla/5.0 (Macintosh; Intel Mac OS X 10_15_3) AppleWebKit/537.36 (KHTML, like Gecko) Chrome/90.0.4430.85 Safari/537.36\"\n","level":"info"}
{"message":"::1 - - [29/Apr/2021:07:52:04 +0000] \"GET /api/v1/documentation/swagger-ui-bundle.js HTTP/1.1\" 304 - \"http://localhost:4000/api/v1/documentation/\" \"Mozilla/5.0 (Macintosh; Intel Mac OS X 10_15_3) AppleWebKit/537.36 (KHTML, like Gecko) Chrome/90.0.4430.85 Safari/537.36\"\n","level":"info"}
{"message":"::1 - - [29/Apr/2021:07:52:04 +0000] \"GET /api/v1/documentation/swagger-ui-standalone-preset.js HTTP/1.1\" 304 - \"http://localhost:4000/api/v1/documentation/\" \"Mozilla/5.0 (Macintosh; Intel Mac OS X 10_15_3) AppleWebKit/537.36 (KHTML, like Gecko) Chrome/90.0.4430.85 Safari/537.36\"\n","level":"info"}
{"message":"::1 - - [29/Apr/2021:07:52:04 +0000] \"GET /api/v1/documentation/swagger-ui-init.js HTTP/1.1\" 200 5259 \"http://localhost:4000/api/v1/documentation/\" \"Mozilla/5.0 (Macintosh; Intel Mac OS X 10_15_3) AppleWebKit/537.36 (KHTML, like Gecko) Chrome/90.0.4430.85 Safari/537.36\"\n","level":"info"}
{"message":"::1 - - [29/Apr/2021:07:52:04 +0000] \"GET /api/v1/documentation/favicon-32x32.png HTTP/1.1\" 304 - \"http://localhost:4000/api/v1/documentation/\" \"Mozilla/5.0 (Macintosh; Intel Mac OS X 10_15_3) AppleWebKit/537.36 (KHTML, like Gecko) Chrome/90.0.4430.85 Safari/537.36\"\n","level":"info"}
{"message":"::1 - - [29/Apr/2021:07:55:01 +0000] \"GET /api/v1/documentation/ HTTP/1.1\" 304 - \"-\" \"Mozilla/5.0 (Macintosh; Intel Mac OS X 10_15_3) AppleWebKit/537.36 (KHTML, like Gecko) Chrome/90.0.4430.85 Safari/537.36\"\n","level":"info"}
{"message":"::1 - - [29/Apr/2021:07:55:01 +0000] \"GET /api/v1/documentation/swagger-ui.css HTTP/1.1\" 304 - \"http://localhost:4000/api/v1/documentation/\" \"Mozilla/5.0 (Macintosh; Intel Mac OS X 10_15_3) AppleWebKit/537.36 (KHTML, like Gecko) Chrome/90.0.4430.85 Safari/537.36\"\n","level":"info"}
{"message":"::1 - - [29/Apr/2021:07:55:01 +0000] \"GET /api/v1/documentation/swagger-ui-init.js HTTP/1.1\" 200 5258 \"http://localhost:4000/api/v1/documentation/\" \"Mozilla/5.0 (Macintosh; Intel Mac OS X 10_15_3) AppleWebKit/537.36 (KHTML, like Gecko) Chrome/90.0.4430.85 Safari/537.36\"\n","level":"info"}
{"message":"::1 - - [29/Apr/2021:07:55:01 +0000] \"GET /api/v1/documentation/swagger-ui-standalone-preset.js HTTP/1.1\" 304 - \"http://localhost:4000/api/v1/documentation/\" \"Mozilla/5.0 (Macintosh; Intel Mac OS X 10_15_3) AppleWebKit/537.36 (KHTML, like Gecko) Chrome/90.0.4430.85 Safari/537.36\"\n","level":"info"}
{"message":"::1 - - [29/Apr/2021:07:55:01 +0000] \"GET /api/v1/documentation/swagger-ui-bundle.js HTTP/1.1\" 304 - \"http://localhost:4000/api/v1/documentation/\" \"Mozilla/5.0 (Macintosh; Intel Mac OS X 10_15_3) AppleWebKit/537.36 (KHTML, like Gecko) Chrome/90.0.4430.85 Safari/537.36\"\n","level":"info"}
{"message":"::1 - - [29/Apr/2021:07:55:01 +0000] \"GET /api/v1/documentation/favicon-32x32.png HTTP/1.1\" 304 - \"http://localhost:4000/api/v1/documentation/\" \"Mozilla/5.0 (Macintosh; Intel Mac OS X 10_15_3) AppleWebKit/537.36 (KHTML, like Gecko) Chrome/90.0.4430.85 Safari/537.36\"\n","level":"info"}
{"message":"::1 - - [29/Apr/2021:07:56:02 +0000] \"GET /api/v1/books/ HTTP/1.1\" 304 - \"http://localhost:4000/api/v1/documentation/\" \"Mozilla/5.0 (Macintosh; Intel Mac OS X 10_15_3) AppleWebKit/537.36 (KHTML, like Gecko) Chrome/90.0.4430.85 Safari/537.36\"\n","level":"info"}
{"message":"::1 - - [29/Apr/2021:08:04:05 +0000] \"GET /api/v1/books/ HTTP/1.1\" 200 1279 \"http://localhost:4000/api/v1/documentation/\" \"Mozilla/5.0 (Macintosh; Intel Mac OS X 10_15_3) AppleWebKit/537.36 (KHTML, like Gecko) Chrome/90.0.4430.85 Safari/537.36\"\n","level":"info"}
{"message":"::1 - - [29/Apr/2021:08:08:28 +0000] \"GET /api/v1/books/ HTTP/1.1\" 304 - \"http://localhost:4000/api/v1/documentation/\" \"Mozilla/5.0 (Macintosh; Intel Mac OS X 10_15_3) AppleWebKit/537.36 (KHTML, like Gecko) Chrome/90.0.4430.85 Safari/537.36\"\n","level":"info"}
